Added Component: Designator=FTDI(JP6-C1T)
Added Component: Designator=LEFT(JP12-D1T)
Added Component: Designator=RIGHT(JP12-D1T)
Added Component: Designator=U?(TQFP32)
Added Pin To Net: NetName=NetLEFT_1 Pin=LEFT-1
Added Net: Name=NetLEFT_1
Added Pin To Net: NetName=NetLEFT_2 Pin=LEFT-2
Added Net: Name=NetLEFT_2
Added Pin To Net: NetName=NetLEFT_3 Pin=LEFT-3
Added Pin To Net: NetName=NetLEFT_3 Pin=U?-11
Added Net: Name=NetLEFT_3
Added Pin To Net: NetName=NetLEFT_4 Pin=LEFT-4
Added Pin To Net: NetName=NetLEFT_4 Pin=U?-10
Added Net: Name=NetLEFT_4
Added Pin To Net: NetName=NetLEFT_5 Pin=LEFT-5
Added Pin To Net: NetName=NetLEFT_5 Pin=U?-9
Added Net: Name=NetLEFT_5
Added Pin To Net: NetName=NetLEFT_6 Pin=LEFT-6
Added Pin To Net: NetName=NetLEFT_6 Pin=U?-2
Added Net: Name=NetLEFT_6
Added Pin To Net: NetName=NetLEFT_7 Pin=LEFT-7
Added Pin To Net: NetName=NetLEFT_7 Pin=U?-1
Added Net: Name=NetLEFT_7
Added Pin To Net: NetName=NetLEFT_8 Pin=LEFT-8
Added Pin To Net: NetName=NetLEFT_8 Pin=U?-32
Added Net: Name=NetLEFT_8
Added Pin To Net: NetName=NetLEFT_9 Pin=LEFT-9
Added Pin To Net: NetName=NetLEFT_9 Pin=RIGHT-2
Added Net: Name=NetLEFT_9
Added Pin To Net: NetName=NetLEFT_10 Pin=LEFT-10
Added Pin To Net: NetName=NetLEFT_10 Pin=RIGHT-3
Added Net: Name=NetLEFT_10
Added Pin To Net: NetName=NetLEFT_11 Pin=LEFT-11
Added Net: Name=NetLEFT_11
Added Pin To Net: NetName=NetLEFT_12 Pin=LEFT-12
Added Net: Name=NetLEFT_12
Added Pin To Net: NetName=NetRIGHT_1 Pin=RIGHT-1
Added Net: Name=NetRIGHT_1
Added Pin To Net: NetName=NetRIGHT_4 Pin=RIGHT-4
Added Net: Name=NetRIGHT_4
Added Pin To Net: NetName=NetRIGHT_5 Pin=RIGHT-5
Added Net: Name=NetRIGHT_5
Added Pin To Net: NetName=NetRIGHT_6 Pin=RIGHT-6
Added Net: Name=NetRIGHT_6
Added Pin To Net: NetName=NetRIGHT_7 Pin=RIGHT-7
Added Net: Name=NetRIGHT_7
Added Pin To Net: NetName=NetRIGHT_8 Pin=RIGHT-8
Added Net: Name=NetRIGHT_8
Added Pin To Net: NetName=NetRIGHT_9 Pin=RIGHT-9
Added Net: Name=NetRIGHT_9
Added Pin To Net: NetName=NetRIGHT_10 Pin=RIGHT-10
Added Net: Name=NetRIGHT_10
Added Pin To Net: NetName=NetRIGHT_11 Pin=RIGHT-11
Added Net: Name=NetRIGHT_11
Added Pin To Net: NetName=NetRIGHT_12 Pin=RIGHT-12
Added Net: Name=NetRIGHT_12
Added Class: Name=SPILoRav5
Added Room: Name=SPILoRav5
