Added Component: Designator=FTDI(JP6-C1T)
Add component. Clean all parameters for all variants
Add component (AddParameter): Name = "ComponentLink1 Description"; Value = "Manufacturer"; VariantName = "[No Variations]"
Add component (AddParameter): Name = "ComponentLink1URL"; Value = "http://www.we-online.com"; VariantName = "[No Variations]"
Add component (AddParameter): Name = "ComponentLink2 Description"; Value = "Datasheet"; VariantName = "[No Variations]"
Add component (AddParameter): Name = "ComponentLink2URL"; Value = "http://katalog.we-online.de/em/datasheet/6130xx143121.pdf"; VariantName = "[No Variations]"
Add component (AddParameter): Name = "Created by"; Value = "Karrer Zheng"; VariantName = "[No Variations]"
Add component (AddParameter): Name = "Created Date"; Value = "29 March 2013"; VariantName = "[No Variations]"
Add component (AddParameter): Name = "Manufacturer"; Value = "W¨¹rth Elektronik eiSos GmbH"; VariantName = "[No Variations]"
Add component (AddParameter): Name = "NoPins"; Value = "06"; VariantName = "[No Variations]"
Add component (AddParameter): Name = "partNo"; Value = "613006143121"; VariantName = "[No Variations]"
Added Pin To Net: NetName=GND Pin=FTDI-1
Added Pin To Net: NetName=GND Pin=FTDI-2
Added Pin To Net: NetName=VCC Pin=FTDI-3
Added Pin To Net: NetName=NetFTDI_4 Pin=FTDI-4
Added Pin To Net: NetName=NetFTDI_5 Pin=FTDI-5
Added Pin To Net: NetName=NetC2_2 Pin=FTDI-6
Added Pin To Net: NetName=NetC2_1 Pin=LEFT-10
Added Pin To Net: NetName=NetC2_1 Pin=RIGHT-3
Change Net Name : Old Net Name=NetC2_1 New Net Name=RESET
Added Member To Class: ClassName=SPILoRav5 Member=Component FTDI JP6
Added Room: Name=SPILoRav5
