Change Component Designator: OldDesignator=FUSE NewDesignator=FUSE 500mA
Added Component: Designator=LEFT(JP12-D1T)
Add component. Clean all parameters for all variants
Add component (AddParameter): Name = "ComponentLink1 Description"; Value = "Manufacturer"; VariantName = "[No Variations]"
Add component (AddParameter): Name = "ComponentLink1URL"; Value = "http://www.we-online.com"; VariantName = "[No Variations]"
Add component (AddParameter): Name = "ComponentLink2 Description"; Value = "Datasheet"; VariantName = "[No Variations]"
Add component (AddParameter): Name = "ComponentLink2URL"; Value = "http://katalog.we-online.de/em/datasheet/6130xx143121.pdf"; VariantName = "[No Variations]"
Add component (AddParameter): Name = "Created by"; Value = "Karrer Zheng"; VariantName = "[No Variations]"
Add component (AddParameter): Name = "Created Date"; Value = "29 March 2013"; VariantName = "[No Variations]"
Add component (AddParameter): Name = "Manufacturer"; Value = "W¨¹rth Elektronik eiSos GmbH"; VariantName = "[No Variations]"
Add component (AddParameter): Name = "NoPins"; Value = "12"; VariantName = "[No Variations]"
Add component (AddParameter): Name = "partNo"; Value = "613012143121"; VariantName = "[No Variations]"
Added Component: Designator=RIGHT(JP12-D1T)
Add component. Clean all parameters for all variants
Add component (AddParameter): Name = "ComponentLink1 Description"; Value = "Manufacturer"; VariantName = "[No Variations]"
Add component (AddParameter): Name = "ComponentLink1URL"; Value = "http://www.we-online.com"; VariantName = "[No Variations]"
Add component (AddParameter): Name = "ComponentLink2 Description"; Value = "Datasheet"; VariantName = "[No Variations]"
Add component (AddParameter): Name = "ComponentLink2URL"; Value = "http://katalog.we-online.de/em/datasheet/6130xx143121.pdf"; VariantName = "[No Variations]"
Add component (AddParameter): Name = "Created by"; Value = "Karrer Zheng"; VariantName = "[No Variations]"
Add component (AddParameter): Name = "Created Date"; Value = "29 March 2013"; VariantName = "[No Variations]"
Add component (AddParameter): Name = "Manufacturer"; Value = "W¨¹rth Elektronik eiSos GmbH"; VariantName = "[No Variations]"
Add component (AddParameter): Name = "NoPins"; Value = "12"; VariantName = "[No Variations]"
Add component (AddParameter): Name = "partNo"; Value = "613012143121"; VariantName = "[No Variations]"
Added Pin To Net: NetName=B1 Pin=LEFT-1
Added Pin To Net: NetName=NetLEFT_2 Pin=LEFT-2
Added Pin To Net: NetName=RX1 Pin=LEFT-3
Added Pin To Net: NetName=TX1 Pin=LEFT-4
Added Pin To Net: NetName=NetLEFT_5 Pin=LEFT-5
Added Pin To Net: NetName=NetLEFT_6 Pin=LEFT-6
Added Pin To Net: NetName=D3 Pin=LEFT-7
Added Pin To Net: NetName=D2 Pin=LEFT-8
Added Pin To Net: NetName=NetLEFT_9 Pin=LEFT-9
Added Pin To Net: NetName=NetLEFT_10 Pin=LEFT-10
Added Pin To Net: NetName=NetLEFT_11 Pin=LEFT-11
Added Pin To Net: NetName=NetLEFT_12 Pin=LEFT-12
Added Pin To Net: NetName=NetRIGHT_1 Pin=RIGHT-1
Added Pin To Net: NetName=NetLEFT_9 Pin=RIGHT-2
Added Pin To Net: NetName=NetLEFT_10 Pin=RIGHT-3
Added Pin To Net: NetName=NetFTDI_3 Pin=RIGHT-4
Added Pin To Net: NetName=NetRIGHT_5 Pin=RIGHT-5
Added Pin To Net: NetName=AUX Pin=RIGHT-6
Added Pin To Net: NetName=M1 Pin=RIGHT-7
Added Pin To Net: NetName=M0 Pin=RIGHT-8
Added Pin To Net: NetName=SCK Pin=RIGHT-9
Added Pin To Net: NetName=MISO Pin=RIGHT-10
Added Pin To Net: NetName=MOSI Pin=RIGHT-11
Added Pin To Net: NetName=SS Pin=RIGHT-12
Added Member To Class: ClassName=SPILoRav5 Member=Component LEFT JP12
Added Member To Class: ClassName=SPILoRav5 Member=Component RIGHT JP12
Added Room: Name=SPILoRav5
