Change Component Designator: OldDesignator=LORA_EN NewDesignator=LORA_SPI_EN
Added Component: Designator=C3(CN-SMD-0805)
Add component. Clean all parameters for all variants
Add component (AddParameter): Name = "Value"; Value = "33pF"; VariantName = "[No Variations]"
Added Component: Designator=C4(CN-SMD-0805)
Add component. Clean all parameters for all variants
Add component (AddParameter): Name = "Value"; Value = "33pF"; VariantName = "[No Variations]"
Added Component: Designator=E32-TTL-100(JP7-D1T)
Add component. Clean all parameters for all variants
Add component (AddParameter): Name = "ComponentLink1 Description"; Value = "Manufacturer"; VariantName = "[No Variations]"
Add component (AddParameter): Name = "ComponentLink1URL"; Value = "http://www.we-online.com"; VariantName = "[No Variations]"
Add component (AddParameter): Name = "ComponentLink2 Description"; Value = "Datasheet"; VariantName = "[No Variations]"
Add component (AddParameter): Name = "ComponentLink2URL"; Value = "http://katalog.we-online.de/em/datasheet/6130xx143121.pdf"; VariantName = "[No Variations]"
Add component (AddParameter): Name = "Created by"; Value = "Karrer Zheng"; VariantName = "[No Variations]"
Add component (AddParameter): Name = "Created Date"; Value = "29 March 2013"; VariantName = "[No Variations]"
Add component (AddParameter): Name = "Manufacturer"; Value = "W¨¹rth Elektronik eiSos GmbH"; VariantName = "[No Variations]"
Add component (AddParameter): Name = "NoPins"; Value = "07"; VariantName = "[No Variations]"
Add component (AddParameter): Name = "partNo"; Value = "613007143121"; VariantName = "[No Variations]"
Added Component: Designator=LED2(LED-0805-Red)
Add component. Clean all parameters for all variants
Add component (AddParameter): Name = "Value"; Value = "LED 3 - 5 ly 2 Colour"; VariantName = "[No Variations]"
Added Component: Designator=LORA_UART_EN(JP2-D1T)
Add component. Clean all parameters for all variants
Add component (AddParameter): Name = "ComponentLink1 Description"; Value = "Manufacturer"; VariantName = "[No Variations]"
Add component (AddParameter): Name = "ComponentLink1URL"; Value = "http://www.we-online.com"; VariantName = "[No Variations]"
Add component (AddParameter): Name = "ComponentLink2 Description"; Value = "Datasheet"; VariantName = "[No Variations]"
Add component (AddParameter): Name = "ComponentLink2URL"; Value = "http://katalog.we-online.de/em/datasheet/6130xx143121.pdf"; VariantName = "[No Variations]"
Add component (AddParameter): Name = "Created by"; Value = "Karrer Zheng"; VariantName = "[No Variations]"
Add component (AddParameter): Name = "Created Date"; Value = "29 March 2013"; VariantName = "[No Variations]"
Add component (AddParameter): Name = "Manufacturer"; Value = "W¨¹rth Elektronik eiSos GmbH"; VariantName = "[No Variations]"
Add component (AddParameter): Name = "NoPins"; Value = "02"; VariantName = "[No Variations]"
Add component (AddParameter): Name = "partNo"; Value = "613002143121"; VariantName = "[No Variations]"
Added Component: Designator=R4(RES-SMD-0805)
Add component. Clean all parameters for all variants
Add component (AddParameter): Name = "Class"; Value = "Passive"; VariantName = "[No Variations]"
Add component (AddParameter): Name = "Manufacturer"; Value = "Generic Components"; VariantName = "[No Variations]"
Add component (AddParameter): Name = "Published"; Value = "08/06/2000"; VariantName = "[No Variations]"
Add component (AddParameter): Name = "Publisher"; Value = "Altium Hobart Technology Centre"; VariantName = "[No Variations]"
Added Component: Designator=R5(RES-SMD-0805)
Add component. Clean all parameters for all variants
Add component (AddParameter): Name = "Class"; Value = "Passive"; VariantName = "[No Variations]"
Add component (AddParameter): Name = "Manufacturer"; Value = "Generic Components"; VariantName = "[No Variations]"
Add component (AddParameter): Name = "Published"; Value = "08/06/2000"; VariantName = "[No Variations]"
Add component (AddParameter): Name = "Publisher"; Value = "Altium Hobart Technology Centre"; VariantName = "[No Variations]"
Added Component: Designator=R6(RES-SMD-0805)
Add component. Clean all parameters for all variants
Add component (AddParameter): Name = "Class"; Value = "Passive"; VariantName = "[No Variations]"
Add component (AddParameter): Name = "Manufacturer"; Value = "Generic Components"; VariantName = "[No Variations]"
Add component (AddParameter): Name = "Published"; Value = "08/06/2000"; VariantName = "[No Variations]"
Add component (AddParameter): Name = "Publisher"; Value = "Altium Hobart Technology Centre"; VariantName = "[No Variations]"
Added Component: Designator=XTAL(*X2-SMD-5.0X3.2X1.3MM)
Add component. Clean all parameters for all variants
Add component (AddParameter): Name = "Availability"; Value = "Unavailable"; VariantName = "[No Variations]"
Add component (AddParameter): Name = "MF"; Value = "Xinhunjing"; VariantName = "[No Variations]"
Add component (AddParameter): Name = "MP"; Value = "5032/4P"; VariantName = "[No Variations]"
Add component (AddParameter): Name = "Package"; Value = "None"; VariantName = "[No Variations]"
Add component (AddParameter): Name = "Price"; Value = "None"; VariantName = "[No Variations]"
Add component (AddParameter): Name = "SnapEDA_Link"; Value = "https://www.snapeda.com/parts/5032/4P/Xinhunjing/view-part/?ref=snap"; VariantName = "[No Variations]"
Add component (AddParameter): Name = "Value"; Value = ""; VariantName = "[No Variations]"
Added Pin To Net: NetName=GND Pin=*-1
Added Pin To Net: NetName=GND Pin=*-2
Added Pin To Net: NetName=D2 Pin=*-5
Added Pin To Net: NetName=GND Pin=*-9
Added Pin To Net: NetName=SCK Pin=*-12
Added Pin To Net: NetName=MISO Pin=*-13
Added Pin To Net: NetName=MOSI Pin=*-14
Added Pin To Net: NetName=GND Pin=*-16
Added Pin To Net: NetName=GND Pin=C3-1
Added Pin To Net: NetName=GND Pin=C4-1
Added Pin To Net: NetName=GND Pin=E32-TTL-100-7
Added Pin To Net: NetName=GND Pin=FTDI-1
Added Pin To Net: NetName=GND Pin=FTDI-2
Added Pin To Net: NetName=GND Pin=LED2-2
Added Pin To Net: NetName=VCC Pin=LORA_UART_EN-2
Added Pin To Net: NetName=D3 Pin=R4-1
Added Pin To Net: NetName=VCC Pin=R5-1
Added Pin To Net: NetName=NetI2C_1 Pin=R5-2
Added Pin To Net: NetName=VCC Pin=R6-1
Added Pin To Net: NetName=NetI2C_2 Pin=R6-2
Change Net Name : Old Net Name=D4 New Net Name=NetLEFT_6
Change Net Name : Old Net Name=D5 New Net Name=NetLEFT_5
Change Net Name : Old Net Name=LORA_VCC New Net Name=LORA_SPI_VCC
Change Net Name : Old Net Name=NetLEFT_1 New Net Name=B1
Change Net Name : Old Net Name=NetRIGHT_12 New Net Name=SS
Added Pin To Net: NetName=AUX Pin=E32-TTL-100-5
Added Pin To Net: NetName=AUX Pin=RIGHT-6
Added Pin To Net: NetName=AUX Pin=U?-25
Added Net: Name=AUX
Added Pin To Net: NetName=LORA_UART_VCC Pin=E32-TTL-100-6
Added Pin To Net: NetName=LORA_UART_VCC Pin=LORA_UART_EN-1
Added Net: Name=LORA_UART_VCC
Added Pin To Net: NetName=M0 Pin=E32-TTL-100-1
Added Pin To Net: NetName=M0 Pin=RIGHT-8
Added Pin To Net: NetName=M0 Pin=U?-23
Added Net: Name=M0
Added Pin To Net: NetName=M1 Pin=E32-TTL-100-2
Added Pin To Net: NetName=M1 Pin=RIGHT-7
Added Pin To Net: NetName=M1 Pin=U?-24
Added Net: Name=M1
Added Pin To Net: NetName=Net*_4 Pin=*-4
Added Net: Name=Net*_4
Added Pin To Net: NetName=Net*_15 Pin=*-15
Added Net: Name=Net*_15
Added Pin To Net: NetName=NetC3_2 Pin=C3-2
Added Pin To Net: NetName=NetC3_2 Pin=U?-7
Added Pin To Net: NetName=NetC3_2 Pin=XTAL-1
Added Net: Name=NetC3_2
Added Pin To Net: NetName=NetC4_2 Pin=C4-2
Added Pin To Net: NetName=NetC4_2 Pin=U?-8
Added Pin To Net: NetName=NetC4_2 Pin=XTAL-2
Added Net: Name=NetC4_2
Added Pin To Net: NetName=NetLED2_1 Pin=LED2-1
Added Pin To Net: NetName=NetLED2_1 Pin=R4-2
Added Net: Name=NetLED2_1
Added Pin To Net: NetName=NetLEFT_9 Pin=LEFT-9
Added Pin To Net: NetName=NetLEFT_9 Pin=RIGHT-2
Added Net: Name=NetLEFT_9
Added Pin To Net: NetName=RX1 Pin=E32-TTL-100-3
Added Pin To Net: NetName=RX1 Pin=LEFT-3
Added Pin To Net: NetName=RX1 Pin=U?-11
Added Net: Name=RX1
Added Pin To Net: NetName=TX1 Pin=E32-TTL-100-4
Added Pin To Net: NetName=TX1 Pin=LEFT-4
Added Pin To Net: NetName=TX1 Pin=U?-10
Added Net: Name=TX1
Added Member To Class: ClassName=SPILoRav5 Member=Component C3 0.1uF
Added Member To Class: ClassName=SPILoRav5 Member=Component C4 0.1uF
Added Member To Class: ClassName=SPILoRav5 Member=Component E32-TTL-100 JP7
Added Member To Class: ClassName=SPILoRav5 Member=Component LED2 LED
Added Member To Class: ClassName=SPILoRav5 Member=Component LORA_UART_EN JP2
Added Member To Class: ClassName=SPILoRav5 Member=Component R4 4.7K
Added Member To Class: ClassName=SPILoRav5 Member=Component R5 1K
Added Member To Class: ClassName=SPILoRav5 Member=Component R6 1K
Added Member To Class: ClassName=SPILoRav5 Member=Component XTAL 5032 8MHz
