Added Component: Designator=Q?(SOT-23-3L)
Add component. Clean all parameters for all variants
Add component (AddParameter): Name = "Id"; Value = "220mA"; VariantName = "[No Variations]"
Add component (AddParameter): Name = "Type"; Value = "NMOS"; VariantName = "[No Variations]"
Add component (AddParameter): Name = "Vdss"; Value = "50V"; VariantName = "[No Variations]"
Added Component: Designator=Q?(SOT-23-3L)
Add component. Clean all parameters for all variants
Add component (AddParameter): Name = "Id"; Value = "220mA"; VariantName = "[No Variations]"
Add component (AddParameter): Name = "Type"; Value = "NMOS"; VariantName = "[No Variations]"
Add component (AddParameter): Name = "Vdss"; Value = "50V"; VariantName = "[No Variations]"
Added Component: Designator=Q?(SOT-23-3L)
Add component. Clean all parameters for all variants
Add component (AddParameter): Name = "Id"; Value = "220mA"; VariantName = "[No Variations]"
Add component (AddParameter): Name = "Type"; Value = "NMOS"; VariantName = "[No Variations]"
Add component (AddParameter): Name = "Vdss"; Value = "50V"; VariantName = "[No Variations]"
Added Component: Designator=Q?(SOT-23-3L)
Add component. Clean all parameters for all variants
Add component (AddParameter): Name = "Id"; Value = "220mA"; VariantName = "[No Variations]"
Add component (AddParameter): Name = "Type"; Value = "NMOS"; VariantName = "[No Variations]"
Add component (AddParameter): Name = "Vdss"; Value = "50V"; VariantName = "[No Variations]"
Added Component: Designator=Q?(SOT-23-3L)
Add component. Clean all parameters for all variants
Add component (AddParameter): Name = "Id"; Value = "220mA"; VariantName = "[No Variations]"
Add component (AddParameter): Name = "Type"; Value = "NMOS"; VariantName = "[No Variations]"
Add component (AddParameter): Name = "Vdss"; Value = "50V"; VariantName = "[No Variations]"
Added Component: Designator=Q?(SOT-23-3L)
Add component. Clean all parameters for all variants
Add component (AddParameter): Name = "Id"; Value = "220mA"; VariantName = "[No Variations]"
Add component (AddParameter): Name = "Type"; Value = "NMOS"; VariantName = "[No Variations]"
Add component (AddParameter): Name = "Vdss"; Value = "50V"; VariantName = "[No Variations]"
Added Component: Designator=Q?(SOT-23-3L)
Add component. Clean all parameters for all variants
Add component (AddParameter): Name = "Id"; Value = "220mA"; VariantName = "[No Variations]"
Add component (AddParameter): Name = "Type"; Value = "NMOS"; VariantName = "[No Variations]"
Add component (AddParameter): Name = "Vdss"; Value = "50V"; VariantName = "[No Variations]"
Added Component: Designator=Q?(SOT-23-3L)
Add component. Clean all parameters for all variants
Add component (AddParameter): Name = "Id"; Value = "220mA"; VariantName = "[No Variations]"
Add component (AddParameter): Name = "Type"; Value = "NMOS"; VariantName = "[No Variations]"
Add component (AddParameter): Name = "Vdss"; Value = "50V"; VariantName = "[No Variations]"
Added Component: Designator=Q?(SOT-23-3L)
Add component. Clean all parameters for all variants
Add component (AddParameter): Name = "Id"; Value = "220mA"; VariantName = "[No Variations]"
Add component (AddParameter): Name = "Type"; Value = "NMOS"; VariantName = "[No Variations]"
Add component (AddParameter): Name = "Vdss"; Value = "50V"; VariantName = "[No Variations]"
Added Component: Designator=Q?(SOT-23-3L)
Add component. Clean all parameters for all variants
Add component (AddParameter): Name = "Id"; Value = "220mA"; VariantName = "[No Variations]"
Add component (AddParameter): Name = "Type"; Value = "NMOS"; VariantName = "[No Variations]"
Add component (AddParameter): Name = "Vdss"; Value = "50V"; VariantName = "[No Variations]"
Added Component: Designator=R?(RES-SMD-0805)
Add component. Clean all parameters for all variants
Add component (AddParameter): Name = "Class"; Value = "Passive"; VariantName = "[No Variations]"
Add component (AddParameter): Name = "Manufacturer"; Value = "Generic Components"; VariantName = "[No Variations]"
Add component (AddParameter): Name = "Published"; Value = "08/06/2000"; VariantName = "[No Variations]"
Add component (AddParameter): Name = "Publisher"; Value = "Altium Hobart Technology Centre"; VariantName = "[No Variations]"
Added Component: Designator=R?(RES-SMD-0805)
Add component. Clean all parameters for all variants
Add component (AddParameter): Name = "Class"; Value = "Passive"; VariantName = "[No Variations]"
Add component (AddParameter): Name = "Manufacturer"; Value = "Generic Components"; VariantName = "[No Variations]"
Add component (AddParameter): Name = "Published"; Value = "08/06/2000"; VariantName = "[No Variations]"
Add component (AddParameter): Name = "Publisher"; Value = "Altium Hobart Technology Centre"; VariantName = "[No Variations]"
Added Component: Designator=R?(RES-SMD-0805)
Add component. Clean all parameters for all variants
Add component (AddParameter): Name = "Class"; Value = "Passive"; VariantName = "[No Variations]"
Add component (AddParameter): Name = "Manufacturer"; Value = "Generic Components"; VariantName = "[No Variations]"
Add component (AddParameter): Name = "Published"; Value = "08/06/2000"; VariantName = "[No Variations]"
Add component (AddParameter): Name = "Publisher"; Value = "Altium Hobart Technology Centre"; VariantName = "[No Variations]"
Added Component: Designator=R?(RES-SMD-0805)
Add component. Clean all parameters for all variants
Add component (AddParameter): Name = "Class"; Value = "Passive"; VariantName = "[No Variations]"
Add component (AddParameter): Name = "Manufacturer"; Value = "Generic Components"; VariantName = "[No Variations]"
Add component (AddParameter): Name = "Published"; Value = "08/06/2000"; VariantName = "[No Variations]"
Add component (AddParameter): Name = "Publisher"; Value = "Altium Hobart Technology Centre"; VariantName = "[No Variations]"
Added Component: Designator=R?(RES-SMD-0805)
Add component. Clean all parameters for all variants
Add component (AddParameter): Name = "Class"; Value = "Passive"; VariantName = "[No Variations]"
Add component (AddParameter): Name = "Manufacturer"; Value = "Generic Components"; VariantName = "[No Variations]"
Add component (AddParameter): Name = "Published"; Value = "08/06/2000"; VariantName = "[No Variations]"
Add component (AddParameter): Name = "Publisher"; Value = "Altium Hobart Technology Centre"; VariantName = "[No Variations]"
Added Component: Designator=R?(RES-SMD-0805)
Add component. Clean all parameters for all variants
Add component (AddParameter): Name = "Class"; Value = "Passive"; VariantName = "[No Variations]"
Add component (AddParameter): Name = "Manufacturer"; Value = "Generic Components"; VariantName = "[No Variations]"
Add component (AddParameter): Name = "Published"; Value = "08/06/2000"; VariantName = "[No Variations]"
Add component (AddParameter): Name = "Publisher"; Value = "Altium Hobart Technology Centre"; VariantName = "[No Variations]"
Added Component: Designator=R?(RES-SMD-0805)
Add component. Clean all parameters for all variants
Add component (AddParameter): Name = "Class"; Value = "Passive"; VariantName = "[No Variations]"
Add component (AddParameter): Name = "Manufacturer"; Value = "Generic Components"; VariantName = "[No Variations]"
Add component (AddParameter): Name = "Published"; Value = "08/06/2000"; VariantName = "[No Variations]"
Add component (AddParameter): Name = "Publisher"; Value = "Altium Hobart Technology Centre"; VariantName = "[No Variations]"
Added Component: Designator=R?(RES-SMD-0805)
Add component. Clean all parameters for all variants
Add component (AddParameter): Name = "Class"; Value = "Passive"; VariantName = "[No Variations]"
Add component (AddParameter): Name = "Manufacturer"; Value = "Generic Components"; VariantName = "[No Variations]"
Add component (AddParameter): Name = "Published"; Value = "08/06/2000"; VariantName = "[No Variations]"
Add component (AddParameter): Name = "Publisher"; Value = "Altium Hobart Technology Centre"; VariantName = "[No Variations]"
Added Component: Designator=R?(RES-SMD-0805)
Add component. Clean all parameters for all variants
Add component (AddParameter): Name = "Class"; Value = "Passive"; VariantName = "[No Variations]"
Add component (AddParameter): Name = "Manufacturer"; Value = "Generic Components"; VariantName = "[No Variations]"
Add component (AddParameter): Name = "Published"; Value = "08/06/2000"; VariantName = "[No Variations]"
Add component (AddParameter): Name = "Publisher"; Value = "Altium Hobart Technology Centre"; VariantName = "[No Variations]"
Added Component: Designator=R?(RES-SMD-0805)
Add component. Clean all parameters for all variants
Add component (AddParameter): Name = "Class"; Value = "Passive"; VariantName = "[No Variations]"
Add component (AddParameter): Name = "Manufacturer"; Value = "Generic Components"; VariantName = "[No Variations]"
Add component (AddParameter): Name = "Published"; Value = "08/06/2000"; VariantName = "[No Variations]"
Add component (AddParameter): Name = "Publisher"; Value = "Altium Hobart Technology Centre"; VariantName = "[No Variations]"
Added Component: Designator=R?(RES-SMD-0805)
Add component. Clean all parameters for all variants
Add component (AddParameter): Name = "Class"; Value = "Passive"; VariantName = "[No Variations]"
Add component (AddParameter): Name = "Manufacturer"; Value = "Generic Components"; VariantName = "[No Variations]"
Add component (AddParameter): Name = "Published"; Value = "08/06/2000"; VariantName = "[No Variations]"
Add component (AddParameter): Name = "Publisher"; Value = "Altium Hobart Technology Centre"; VariantName = "[No Variations]"
Added Component: Designator=R?(RES-SMD-0805)
Add component. Clean all parameters for all variants
Add component (AddParameter): Name = "Class"; Value = "Passive"; VariantName = "[No Variations]"
Add component (AddParameter): Name = "Manufacturer"; Value = "Generic Components"; VariantName = "[No Variations]"
Add component (AddParameter): Name = "Published"; Value = "08/06/2000"; VariantName = "[No Variations]"
Add component (AddParameter): Name = "Publisher"; Value = "Altium Hobart Technology Centre"; VariantName = "[No Variations]"
Added Component: Designator=R?(RES-SMD-0805)
Add component. Clean all parameters for all variants
Add component (AddParameter): Name = "Class"; Value = "Passive"; VariantName = "[No Variations]"
Add component (AddParameter): Name = "Manufacturer"; Value = "Generic Components"; VariantName = "[No Variations]"
Add component (AddParameter): Name = "Published"; Value = "08/06/2000"; VariantName = "[No Variations]"
Add component (AddParameter): Name = "Publisher"; Value = "Altium Hobart Technology Centre"; VariantName = "[No Variations]"
Added Component: Designator=R?(RES-SMD-0805)
Add component. Clean all parameters for all variants
Add component (AddParameter): Name = "Class"; Value = "Passive"; VariantName = "[No Variations]"
Add component (AddParameter): Name = "Manufacturer"; Value = "Generic Components"; VariantName = "[No Variations]"
Add component (AddParameter): Name = "Published"; Value = "08/06/2000"; VariantName = "[No Variations]"
Add component (AddParameter): Name = "Publisher"; Value = "Altium Hobart Technology Centre"; VariantName = "[No Variations]"
Added Component: Designator=R?(RES-SMD-0805)
Add component. Clean all parameters for all variants
Add component (AddParameter): Name = "Class"; Value = "Passive"; VariantName = "[No Variations]"
Add component (AddParameter): Name = "Manufacturer"; Value = "Generic Components"; VariantName = "[No Variations]"
Add component (AddParameter): Name = "Published"; Value = "08/06/2000"; VariantName = "[No Variations]"
Add component (AddParameter): Name = "Publisher"; Value = "Altium Hobart Technology Centre"; VariantName = "[No Variations]"
Added Component: Designator=R?(RES-SMD-0805)
Add component. Clean all parameters for all variants
Add component (AddParameter): Name = "Class"; Value = "Passive"; VariantName = "[No Variations]"
Add component (AddParameter): Name = "Manufacturer"; Value = "Generic Components"; VariantName = "[No Variations]"
Add component (AddParameter): Name = "Published"; Value = "08/06/2000"; VariantName = "[No Variations]"
Add component (AddParameter): Name = "Publisher"; Value = "Altium Hobart Technology Centre"; VariantName = "[No Variations]"
Added Component: Designator=R?(RES-SMD-0805)
Add component. Clean all parameters for all variants
Add component (AddParameter): Name = "Class"; Value = "Passive"; VariantName = "[No Variations]"
Add component (AddParameter): Name = "Manufacturer"; Value = "Generic Components"; VariantName = "[No Variations]"
Add component (AddParameter): Name = "Published"; Value = "08/06/2000"; VariantName = "[No Variations]"
Add component (AddParameter): Name = "Publisher"; Value = "Altium Hobart Technology Centre"; VariantName = "[No Variations]"
Added Component: Designator=R?(RES-SMD-0805)
Add component. Clean all parameters for all variants
Add component (AddParameter): Name = "Class"; Value = "Passive"; VariantName = "[No Variations]"
Add component (AddParameter): Name = "Manufacturer"; Value = "Generic Components"; VariantName = "[No Variations]"
Add component (AddParameter): Name = "Published"; Value = "08/06/2000"; VariantName = "[No Variations]"
Add component (AddParameter): Name = "Publisher"; Value = "Altium Hobart Technology Centre"; VariantName = "[No Variations]"
Added Component: Designator=R?(RES-SMD-0805)
Add component. Clean all parameters for all variants
Add component (AddParameter): Name = "Class"; Value = "Passive"; VariantName = "[No Variations]"
Add component (AddParameter): Name = "Manufacturer"; Value = "Generic Components"; VariantName = "[No Variations]"
Add component (AddParameter): Name = "Published"; Value = "08/06/2000"; VariantName = "[No Variations]"
Add component (AddParameter): Name = "Publisher"; Value = "Altium Hobart Technology Centre"; VariantName = "[No Variations]"
Added Component: Designator=R?(RES-SMD-0805)
Add component. Clean all parameters for all variants
Add component (AddParameter): Name = "Class"; Value = "Passive"; VariantName = "[No Variations]"
Add component (AddParameter): Name = "Manufacturer"; Value = "Generic Components"; VariantName = "[No Variations]"
Add component (AddParameter): Name = "Published"; Value = "08/06/2000"; VariantName = "[No Variations]"
Add component (AddParameter): Name = "Publisher"; Value = "Altium Hobart Technology Centre"; VariantName = "[No Variations]"
Added Component: Designator=R?(RES-SMD-0805)
Add component. Clean all parameters for all variants
Add component (AddParameter): Name = "Class"; Value = "Passive"; VariantName = "[No Variations]"
Add component (AddParameter): Name = "Manufacturer"; Value = "Generic Components"; VariantName = "[No Variations]"
Add component (AddParameter): Name = "Published"; Value = "08/06/2000"; VariantName = "[No Variations]"
Add component (AddParameter): Name = "Publisher"; Value = "Altium Hobart Technology Centre"; VariantName = "[No Variations]"
Added Component: Designator=R?(RES-SMD-0805)
Add component. Clean all parameters for all variants
Add component (AddParameter): Name = "Class"; Value = "Passive"; VariantName = "[No Variations]"
Add component (AddParameter): Name = "Manufacturer"; Value = "Generic Components"; VariantName = "[No Variations]"
Add component (AddParameter): Name = "Published"; Value = "08/06/2000"; VariantName = "[No Variations]"
Add component (AddParameter): Name = "Publisher"; Value = "Altium Hobart Technology Centre"; VariantName = "[No Variations]"
Added Pin To Net: NetName=+3V3 Pin=Q?-1
Added Pin To Net: NetName=+3V3 Pin=Q?-1
Added Pin To Net: NetName=+3V3 Pin=Q?-1
Added Pin To Net: NetName=+3V3 Pin=Q?-1
Added Pin To Net: NetName=+3V3 Pin=Q?-1
Added Pin To Net: NetName=+3V3 Pin=Q?-1
Added Pin To Net: NetName=+3V3 Pin=Q?-1
Added Pin To Net: NetName=+3V3 Pin=Q?-1
Added Pin To Net: NetName=+3V3 Pin=Q?-1
Added Pin To Net: NetName=+3V3 Pin=Q?-1
Added Pin To Net: NetName=+3V3 Pin=Q?-1
Added Pin To Net: NetName=+3V3 Pin=Q?-1
Added Pin To Net: NetName=+3V3 Pin=Q?-1
Added Pin To Net: NetName=+3V3 Pin=Q?-1
Added Pin To Net: NetName=+3V3 Pin=Q?-1
Added Pin To Net: NetName=+3V3 Pin=Q?-1
Added Pin To Net: NetName=+3V3 Pin=Q?-1
Added Pin To Net: NetName=+3V3 Pin=Q?-1
Added Pin To Net: NetName=+3V3 Pin=Q?-1
Added Pin To Net: NetName=+3V3 Pin=Q?-1
Added Pin To Net: NetName=+3V3 Pin=Q?-1
Added Pin To Net: NetName=+3V3 Pin=Q?-1
Added Pin To Net: NetName=+3V3 Pin=R?-1
Added Pin To Net: NetName=+3V3 Pin=R?-1
Added Pin To Net: NetName=+3V3 Pin=R?-1
Added Pin To Net: NetName=+3V3 Pin=R?-1
Added Pin To Net: NetName=+3V3 Pin=R?-1
Added Pin To Net: NetName=+3V3 Pin=R?-1
Added Pin To Net: NetName=+3V3 Pin=R?-1
Added Pin To Net: NetName=+3V3 Pin=R?-1
Added Pin To Net: NetName=+3V3 Pin=R?-1
Added Pin To Net: NetName=+3V3 Pin=R?-1
Added Pin To Net: NetName=+3V3 Pin=R?-1
Added Net: Name=+3V3
Added Pin To Net: NetName=+5 Pin=R?-1
Added Pin To Net: NetName=+5 Pin=R?-1
Added Pin To Net: NetName=+5 Pin=R?-1
Added Pin To Net: NetName=+5 Pin=R?-1
Added Pin To Net: NetName=+5 Pin=R?-1
Added Pin To Net: NetName=+5 Pin=R?-1
Added Pin To Net: NetName=+5 Pin=R?-1
Added Pin To Net: NetName=+5 Pin=R?-1
Added Pin To Net: NetName=+5 Pin=R?-1
Added Pin To Net: NetName=+5 Pin=R?-1
Added Pin To Net: NetName=+5 Pin=R?-1
Added Net: Name=+5
Added Pin To Net: NetName=NetLabel38 Pin=Q?-2
Added Pin To Net: NetName=NetLabel38 Pin=Q?-2
Added Pin To Net: NetName=NetLabel38 Pin=Q?-2
Added Pin To Net: NetName=NetLabel38 Pin=Q?-2
Added Pin To Net: NetName=NetLabel38 Pin=Q?-2
Added Pin To Net: NetName=NetLabel38 Pin=Q?-2
Added Pin To Net: NetName=NetLabel38 Pin=Q?-2
Added Pin To Net: NetName=NetLabel38 Pin=Q?-2
Added Pin To Net: NetName=NetLabel38 Pin=Q?-2
Added Pin To Net: NetName=NetLabel38 Pin=Q?-2
Added Pin To Net: NetName=NetLabel38 Pin=Q?-2
Added Pin To Net: NetName=NetLabel38 Pin=R?-2
Added Pin To Net: NetName=NetLabel38 Pin=R?-2
Added Pin To Net: NetName=NetLabel38 Pin=R?-2
Added Pin To Net: NetName=NetLabel38 Pin=R?-2
Added Pin To Net: NetName=NetLabel38 Pin=R?-2
Added Pin To Net: NetName=NetLabel38 Pin=R?-2
Added Pin To Net: NetName=NetLabel38 Pin=R?-2
Added Pin To Net: NetName=NetLabel38 Pin=R?-2
Added Pin To Net: NetName=NetLabel38 Pin=R?-2
Added Pin To Net: NetName=NetLabel38 Pin=R?-2
Added Pin To Net: NetName=NetLabel38 Pin=R?-2
Added Net: Name=NetLabel38
Added Pin To Net: NetName=NetLabel39 Pin=Q?-3
Added Pin To Net: NetName=NetLabel39 Pin=Q?-3
Added Pin To Net: NetName=NetLabel39 Pin=Q?-3
Added Pin To Net: NetName=NetLabel39 Pin=Q?-3
Added Pin To Net: NetName=NetLabel39 Pin=Q?-3
Added Pin To Net: NetName=NetLabel39 Pin=Q?-3
Added Pin To Net: NetName=NetLabel39 Pin=Q?-3
Added Pin To Net: NetName=NetLabel39 Pin=Q?-3
Added Pin To Net: NetName=NetLabel39 Pin=Q?-3
Added Pin To Net: NetName=NetLabel39 Pin=Q?-3
Added Pin To Net: NetName=NetLabel39 Pin=Q?-3
Added Pin To Net: NetName=NetLabel39 Pin=R?-2
Added Pin To Net: NetName=NetLabel39 Pin=R?-2
Added Pin To Net: NetName=NetLabel39 Pin=R?-2
Added Pin To Net: NetName=NetLabel39 Pin=R?-2
Added Pin To Net: NetName=NetLabel39 Pin=R?-2
Added Pin To Net: NetName=NetLabel39 Pin=R?-2
Added Pin To Net: NetName=NetLabel39 Pin=R?-2
Added Pin To Net: NetName=NetLabel39 Pin=R?-2
Added Pin To Net: NetName=NetLabel39 Pin=R?-2
Added Pin To Net: NetName=NetLabel39 Pin=R?-2
Added Pin To Net: NetName=NetLabel39 Pin=R?-2
Added Net: Name=NetLabel39
Added Member To Class: ClassName=Nano-Arduino-LoRa Member=Component Q? BSS138
Added Member To Class: ClassName=Nano-Arduino-LoRa Member=Component Q? BSS138
Added Member To Class: ClassName=Nano-Arduino-LoRa Member=Component Q? BSS138
Added Member To Class: ClassName=Nano-Arduino-LoRa Member=Component Q? BSS138
Added Member To Class: ClassName=Nano-Arduino-LoRa Member=Component Q? BSS138
Added Member To Class: ClassName=Nano-Arduino-LoRa Member=Component Q? BSS138
Added Member To Class: ClassName=Nano-Arduino-LoRa Member=Component Q? BSS138
Added Member To Class: ClassName=Nano-Arduino-LoRa Member=Component Q? BSS138
Added Member To Class: ClassName=Nano-Arduino-LoRa Member=Component Q? BSS138
Added Member To Class: ClassName=Nano-Arduino-LoRa Member=Component Q? BSS138
Added Member To Class: ClassName=Nano-Arduino-LoRa Member=Component R? Res
Added Member To Class: ClassName=Nano-Arduino-LoRa Member=Component R? Res
Added Member To Class: ClassName=Nano-Arduino-LoRa Member=Component R? Res
Added Member To Class: ClassName=Nano-Arduino-LoRa Member=Component R? Res
Added Member To Class: ClassName=Nano-Arduino-LoRa Member=Component R? Res
Added Member To Class: ClassName=Nano-Arduino-LoRa Member=Component R? Res
Added Member To Class: ClassName=Nano-Arduino-LoRa Member=Component R? Res
Added Member To Class: ClassName=Nano-Arduino-LoRa Member=Component R? Res
Added Member To Class: ClassName=Nano-Arduino-LoRa Member=Component R? Res
Added Member To Class: ClassName=Nano-Arduino-LoRa Member=Component R? Res
Added Member To Class: ClassName=Nano-Arduino-LoRa Member=Component R? Res
Added Member To Class: ClassName=Nano-Arduino-LoRa Member=Component R? Res
Added Member To Class: ClassName=Nano-Arduino-LoRa Member=Component R? Res
Added Member To Class: ClassName=Nano-Arduino-LoRa Member=Component R? Res
Added Member To Class: ClassName=Nano-Arduino-LoRa Member=Component R? Res
Added Member To Class: ClassName=Nano-Arduino-LoRa Member=Component R? Res
Added Member To Class: ClassName=Nano-Arduino-LoRa Member=Component R? Res
Added Member To Class: ClassName=Nano-Arduino-LoRa Member=Component R? Res
Added Member To Class: ClassName=Nano-Arduino-LoRa Member=Component R? Res
Added Member To Class: ClassName=Nano-Arduino-LoRa Member=Component R? Res
Added Member To Class: ClassName=Nano-Arduino-LoRa Member=Component R? Res
Added Member To Class: ClassName=Nano-Arduino-LoRa Member=Component R? Res
Added Room: Name=Nano-Arduino-LoRa
