Removed Pin From Net: NetName=MOSI_5 Pin=Q1-2
Removed Pin From Net: NetName=MOSI_3 Pin=Q1-3
Removed Pin From Net: NetName=MISO_5 Pin=Q2-2
Removed Pin From Net: NetName=MISO_3 Pin=Q2-3
Removed Pin From Net: NetName=SCK_5 Pin=Q3-2
Removed Pin From Net: NetName=SCK_3 Pin=Q3-3
Removed Pin From Net: NetName=RST_5 Pin=Q4-2
Removed Pin From Net: NetName=RST_3 Pin=Q4-3
Removed Pin From Net: NetName=CS_5 Pin=Q5-2
Removed Pin From Net: NetName=CS_3 Pin=Q5-3
Removed Pin From Net: NetName=TX_5 Pin=Q6-2
Removed Pin From Net: NetName=TX_3 Pin=Q6-3
Removed Pin From Net: NetName=RX_5 Pin=Q7-2
Removed Pin From Net: NetName=RX_3 Pin=Q7-3
Removed Pin From Net: NetName=M0_5 Pin=Q8-2
Removed Pin From Net: NetName=M0_3 Pin=Q8-3
Removed Pin From Net: NetName=M1_5 Pin=Q9-2
Removed Pin From Net: NetName=M1_3 Pin=Q9-3
Removed Pin From Net: NetName=AUX_5 Pin=Q10-2
Removed Pin From Net: NetName=AUX_3 Pin=Q10-3
Removed Pin From Net: NetName=DIO0_5 Pin=Q11-2
Removed Pin From Net: NetName=DIO_3 Pin=Q11-3
Removed Pin From Net: NetName=MOSI_5 Pin=R1-2
Removed Pin From Net: NetName=MISO_5 Pin=R2-2
Removed Pin From Net: NetName=SCK_5 Pin=R3-2
Removed Pin From Net: NetName=RST_5 Pin=R4-2
Removed Pin From Net: NetName=CS_5 Pin=R5-2
Removed Pin From Net: NetName=TX_5 Pin=R6-2
Removed Pin From Net: NetName=RX_5 Pin=R7-2
Removed Pin From Net: NetName=M0_5 Pin=R8-2
Removed Pin From Net: NetName=M1_5 Pin=R9-2
Removed Pin From Net: NetName=AUX_5 Pin=R10-2
Removed Pin From Net: NetName=DIO0_5 Pin=R11-2
Removed Pin From Net: NetName=MISO_3 Pin=R13-2
Removed Pin From Net: NetName=MOSI_3 Pin=R14-2
Removed Pin From Net: NetName=RST_3 Pin=R15-2
Removed Pin From Net: NetName=SCK_3 Pin=R16-2
Removed Pin From Net: NetName=TX_3 Pin=R17-2
Removed Pin From Net: NetName=CS_3 Pin=R18-2
Removed Pin From Net: NetName=M0_3 Pin=R19-2
Removed Pin From Net: NetName=RX_3 Pin=R20-2
Removed Pin From Net: NetName=AUX_3 Pin=R21-2
Removed Pin From Net: NetName=M1_3 Pin=R22-2
Removed Pin From Net: NetName=DIO_3 Pin=R24-2
Added Pin To Net: NetName=MOSI_3 Pin=Q1-2
Added Pin To Net: NetName=MOSI_5 Pin=Q1-3
Added Pin To Net: NetName=MISO_3 Pin=Q2-2
Added Pin To Net: NetName=MISO_5 Pin=Q2-3
Added Pin To Net: NetName=SCK_3 Pin=Q3-2
Added Pin To Net: NetName=SCK_5 Pin=Q3-3
Added Pin To Net: NetName=RST_3 Pin=Q4-2
Added Pin To Net: NetName=RST_5 Pin=Q4-3
Added Pin To Net: NetName=CS_3 Pin=Q5-2
Added Pin To Net: NetName=CS_5 Pin=Q5-3
Added Pin To Net: NetName=TX_3 Pin=Q6-2
Added Pin To Net: NetName=TX_5 Pin=Q6-3
Added Pin To Net: NetName=RX_3 Pin=Q7-2
Added Pin To Net: NetName=RX_5 Pin=Q7-3
Added Pin To Net: NetName=M0_3 Pin=Q8-2
Added Pin To Net: NetName=M0_5 Pin=Q8-3
Added Pin To Net: NetName=M1_3 Pin=Q9-2
Added Pin To Net: NetName=M1_5 Pin=Q9-3
Added Pin To Net: NetName=AUX_3 Pin=Q10-2
Added Pin To Net: NetName=AUX_5 Pin=Q10-3
Added Pin To Net: NetName=DIO_3 Pin=Q11-2
Added Pin To Net: NetName=DIO0_5 Pin=Q11-3
Added Pin To Net: NetName=MOSI_3 Pin=R1-2
Added Pin To Net: NetName=MISO_3 Pin=R2-2
Added Pin To Net: NetName=SCK_3 Pin=R3-2
Added Pin To Net: NetName=RST_3 Pin=R4-2
Added Pin To Net: NetName=CS_3 Pin=R5-2
Added Pin To Net: NetName=TX_3 Pin=R6-2
Added Pin To Net: NetName=RX_3 Pin=R7-2
Added Pin To Net: NetName=M0_3 Pin=R8-2
Added Pin To Net: NetName=M1_3 Pin=R9-2
Added Pin To Net: NetName=AUX_3 Pin=R10-2
Added Pin To Net: NetName=DIO_3 Pin=R11-2
Added Pin To Net: NetName=MISO_5 Pin=R13-2
Added Pin To Net: NetName=MOSI_5 Pin=R14-2
Added Pin To Net: NetName=RST_5 Pin=R15-2
Added Pin To Net: NetName=SCK_5 Pin=R16-2
Added Pin To Net: NetName=TX_5 Pin=R17-2
Added Pin To Net: NetName=CS_5 Pin=R18-2
Added Pin To Net: NetName=M0_5 Pin=R19-2
Added Pin To Net: NetName=RX_5 Pin=R20-2
Added Pin To Net: NetName=AUX_5 Pin=R21-2
Added Pin To Net: NetName=M1_5 Pin=R22-2
Added Pin To Net: NetName=DIO0_5 Pin=R24-2
Change Net Name : Old Net Name=NetLabel53 New Net Name=NetLabel65
Change Net Name : Old Net Name=NetLabel65 New Net Name=NetLabel53
Added Room: Name=Nano-Arduino-LoRa
