Added Component: Designator=P?(HDR1X2H)
Add component. Clean all parameters for all variants
Add component (AddParameter): Name = "LatestRevisionDate"; Value = "17-Jul-2002"; VariantName = "[No Variations]"
Add component (AddParameter): Name = "LatestRevisionNote"; Value = "Re-released for DXP Platform."; VariantName = "[No Variations]"
Add component (AddParameter): Name = "Publisher"; Value = "Altium Limited"; VariantName = "[No Variations]"
Added Pin To Net: NetName=GND Pin=P?-2
Added Pin To Net: NetName=GND Pin=P?-3
Added Pin To Net: NetName=+5 Pin=P?-1
Added Pin To Net: NetName=+5 Pin=RPI?-2
Added Net: Name=+5
Added Pin To Net: NetName=CS Pin=P?-15
Added Pin To Net: NetName=CS Pin=RPI?-24
Added Net: Name=CS
Added Pin To Net: NetName=MISO Pin=P?-17
Added Pin To Net: NetName=MISO Pin=RPI?-21
Added Net: Name=MISO
Added Pin To Net: NetName=MOSI Pin=P?-16
Added Pin To Net: NetName=MOSI Pin=RPI?-19
Added Net: Name=MOSI
Added Pin To Net: NetName=NetP?_1 Pin=P?-1
Added Pin To Net: NetName=NetP?_1 Pin=RPI?-4
Added Net: Name=NetP?_1
Added Pin To Net: NetName=RST Pin=P?-19
Added Pin To Net: NetName=RST Pin=RPI?-22
Added Net: Name=RST
Added Pin To Net: NetName=SCK Pin=P?-18
Added Pin To Net: NetName=SCK Pin=RPI?-23
Added Net: Name=SCK
Added Member To Class: ClassName=Pi3-GPS-Neo6M Member=Component P? Header 12X2
Added Room: Name=Pi3-GPS-Neo6M
