Removed Pin From Net: NetName=PI-3 Pin=P1-1
Removed Pin From Net: NetName=LORA Pin=P1-2
Removed Pin From Net: NetName=3G Pin=P1-3
Removed Pin From Net: NetName=GPS Pin=P1-4
Removed Pin From Net: NetName=GND Pin=P1-5
Removed Member From Class: ClassName=Pi3-GPS-Neo6M Member=P1
Added Component: Designator=P?(HDR1X5)
Add component. Clean all parameters for all variants
Add component (AddParameter): Name = "LatestRevisionDate"; Value = "17-Jul-2002"; VariantName = "[No Variations]"
Add component (AddParameter): Name = "LatestRevisionNote"; Value = "Re-released for DXP Platform."; VariantName = "[No Variations]"
Add component (AddParameter): Name = "Publisher"; Value = "Altium Limited"; VariantName = "[No Variations]"
Added Component: Designator=R1(RES-SMD-0805)
Add component. Clean all parameters for all variants
Add component (AddParameter): Name = "Class"; Value = "Passive"; VariantName = "[No Variations]"
Add component (AddParameter): Name = "Manufacturer"; Value = "Generic Components"; VariantName = "[No Variations]"
Add component (AddParameter): Name = "Published"; Value = "08/06/2000"; VariantName = "[No Variations]"
Add component (AddParameter): Name = "Publisher"; Value = "Altium Hobart Technology Centre"; VariantName = "[No Variations]"
Added Component: Designator=R2(RES-SMD-0805)
Add component. Clean all parameters for all variants
Add component (AddParameter): Name = "Class"; Value = "Passive"; VariantName = "[No Variations]"
Add component (AddParameter): Name = "Manufacturer"; Value = "Generic Components"; VariantName = "[No Variations]"
Add component (AddParameter): Name = "Published"; Value = "08/06/2000"; VariantName = "[No Variations]"
Add component (AddParameter): Name = "Publisher"; Value = "Altium Hobart Technology Centre"; VariantName = "[No Variations]"
Added Component: Designator=R3(RES-SMD-0805)
Add component. Clean all parameters for all variants
Add component (AddParameter): Name = "Class"; Value = "Passive"; VariantName = "[No Variations]"
Add component (AddParameter): Name = "Manufacturer"; Value = "Generic Components"; VariantName = "[No Variations]"
Add component (AddParameter): Name = "Published"; Value = "08/06/2000"; VariantName = "[No Variations]"
Add component (AddParameter): Name = "Publisher"; Value = "Altium Hobart Technology Centre"; VariantName = "[No Variations]"
Added Component: Designator=R4(RES-SMD-0805)
Add component. Clean all parameters for all variants
Add component (AddParameter): Name = "Class"; Value = "Passive"; VariantName = "[No Variations]"
Add component (AddParameter): Name = "Manufacturer"; Value = "Generic Components"; VariantName = "[No Variations]"
Add component (AddParameter): Name = "Published"; Value = "08/06/2000"; VariantName = "[No Variations]"
Add component (AddParameter): Name = "Publisher"; Value = "Altium Hobart Technology Centre"; VariantName = "[No Variations]"
Added Pin To Net: NetName=GND Pin=P?-5
Added Pin To Net: NetName=PI-3 Pin=Pi3-17
Added Pin To Net: NetName=GND Pin=Pi3-25
Added Pin To Net: NetName=LORA Pin=Pi3-29
Added Pin To Net: NetName=3G Pin=Pi3-31
Added Pin To Net: NetName=PI-3 Pin=R1-2
Added Pin To Net: NetName=LORA Pin=R2-2
Added Pin To Net: NetName=3G Pin=R3-2
Added Pin To Net: NetName=GPS Pin=R4-2
Added Pin To Net: NetName=+5 Pin=RAK831-1
Added Pin To Net: NetName=GND Pin=RAK831-5
Added Pin To Net: NetName=GND Pin=RAK831-6
Added Pin To Net: NetName=GND Pin=RAK831-11
Added Pin To Net: NetName=GND Pin=RAK831-13
Added Pin To Net: NetName=NetP?_1 Pin=P?-1
Added Pin To Net: NetName=NetP?_1 Pin=R1-1
Added Net: Name=NetP?_1
Added Pin To Net: NetName=NetP?_2 Pin=P?-2
Added Pin To Net: NetName=NetP?_2 Pin=R2-1
Added Net: Name=NetP?_2
Added Pin To Net: NetName=NetP?_3 Pin=P?-3
Added Pin To Net: NetName=NetP?_3 Pin=R3-1
Added Net: Name=NetP?_3
Added Pin To Net: NetName=NetP?_4 Pin=P?-4
Added Pin To Net: NetName=NetP?_4 Pin=R4-1
Added Net: Name=NetP?_4
Added Member To Class: ClassName=Pi3-GPS-Neo6M Member=Component P? LED NOTIFY
Added Member To Class: ClassName=Pi3-GPS-Neo6M Member=Component R1 330
Added Member To Class: ClassName=Pi3-GPS-Neo6M Member=Component R2 330
Added Member To Class: ClassName=Pi3-GPS-Neo6M Member=Component R3 330
Added Member To Class: ClassName=Pi3-GPS-Neo6M Member=Component R4 330
Added Room: Name=Pi3-GPS-Neo6M
