Removed Member From Class: ClassName=Pi3-GPS-Neo6M Member=RAK831
Added Component: Designator=P?(HDR2X12)
Add component. Clean all parameters for all variants
Add component (AddParameter): Name = "LatestRevisionDate"; Value = "17-Jul-2002"; VariantName = "[No Variations]"
Add component (AddParameter): Name = "LatestRevisionNote"; Value = "Re-released for DXP Platform."; VariantName = "[No Variations]"
Add component (AddParameter): Name = "Publisher"; Value = "Altium Limited"; VariantName = "[No Variations]"
Added Pin To Net: NetName=+3V3 Pin=GPS-NEO6M-4
Added Pin To Net: NetName=+3V3 Pin=RPI?-1
Added Net: Name=+3V3
Added Pin To Net: NetName=GND Pin=GPS-NEO6M-3
Added Pin To Net: NetName=GND Pin=RPI?-6
Added Net: Name=GND
Added Pin To Net: NetName=NetLabel2 Pin=GPS-NEO6M-0
Added Net: Name=NetLabel2
Added Pin To Net: NetName=RX0 Pin=GPS-NEO6M-2
Added Pin To Net: NetName=RX0 Pin=RPI?-10
Added Net: Name=RX0
Added Pin To Net: NetName=TX0 Pin=GPS-NEO6M-1
Added Pin To Net: NetName=TX0 Pin=RPI?-8
Added Net: Name=TX0
Added Member To Class: ClassName=Pi3-GPS-Neo6M Member=Component P? Header 12X2
Added Room: Name=Pi3-GPS-Neo6M
